13:13:28.338 [main] INFO  testCases.TC04_SenderDetailsTest - Fetched Alert message.
13:13:29.266 [main] INFO  testCases.TC04_SenderDetailsTest - Directed to Hotels page.
13:15:01.298 [main] INFO  testCases.TC04_SenderDetailsTest - Clicked on Cabs.
13:15:02.898 [main] INFO  testCases.TC04_SenderDetailsTest - Entered 'From' city.
13:15:04.330 [main] INFO  testCases.TC04_SenderDetailsTest - Entered 'To' City.
13:15:05.176 [main] INFO  testCases.TC04_SenderDetailsTest - Entered date.
13:15:07.404 [main] INFO  testCases.TC04_SenderDetailsTest - Entered Time.
13:15:10.589 [main] INFO  testCases.TC04_SenderDetailsTest - Clicked on Search after filling the details.
13:15:13.790 [main] INFO  testCases.TC04_SenderDetailsTest - Selected SUV.
13:15:16.116 [main] INFO  testCases.TC04_SenderDetailsTest - Fetched lowest price.
13:20:45.799 [main] INFO  testCases.TC04_SenderDetailsTest - Clicked on Cabs.
13:20:47.413 [main] INFO  testCases.TC04_SenderDetailsTest - Entered 'From' city.
13:20:48.924 [main] INFO  testCases.TC04_SenderDetailsTest - Entered 'To' City.
13:20:49.893 [main] INFO  testCases.TC04_SenderDetailsTest - Entered date.
13:20:52.169 [main] INFO  testCases.TC04_SenderDetailsTest - Entered Time.
13:20:56.157 [main] INFO  testCases.TC04_SenderDetailsTest - Clicked on Search after filling the details.
13:20:59.558 [main] INFO  testCases.TC04_SenderDetailsTest - Selected SUV.
13:21:02.052 [main] INFO  testCases.TC04_SenderDetailsTest - Fetched lowest price.
13:21:43.965 [main] INFO  testCases.TC04_SenderDetailsTest - Fetched Alert message.
13:21:44.844 [main] INFO  testCases.TC04_SenderDetailsTest - Directed to Hotels page.
13:27:19.567 [main] INFO  testCases.TC02_MmtResultPageTest - Clicked on Cabs.
13:27:21.207 [main] INFO  testCases.TC02_MmtResultPageTest - Entered 'From' city.
13:27:22.698 [main] INFO  testCases.TC02_MmtResultPageTest - Entered 'To' City.
13:27:23.515 [main] INFO  testCases.TC02_MmtResultPageTest - Entered date.
13:27:25.835 [main] INFO  testCases.TC02_MmtResultPageTest - Entered Time.
13:27:29.470 [main] INFO  testCases.TC02_MmtResultPageTest - Clicked on Search after filling the details.
13:27:31.559 [main] INFO  testCases.TC02_MmtResultPageTest - Selected SUV.
13:27:33.955 [main] INFO  testCases.TC02_MmtResultPageTest - Fetched lowest price.
13:29:34.581 [main] INFO  testCases.TC02_MmtResultPageTest - Clicked on Cabs.
13:29:36.407 [main] INFO  testCases.TC02_MmtResultPageTest - Entered 'From' city.
13:29:38.089 [main] INFO  testCases.TC02_MmtResultPageTest - Entered 'To' City.
13:29:39.052 [main] INFO  testCases.TC02_MmtResultPageTest - Entered date.
13:29:41.411 [main] INFO  testCases.TC02_MmtResultPageTest - Entered Time.
13:29:44.710 [main] INFO  testCases.TC02_MmtResultPageTest - Clicked on Search after filling the details.
13:29:49.573 [main] INFO  testCases.TC02_MmtResultPageTest - Selected SUV.
13:29:51.750 [main] INFO  testCases.TC02_MmtResultPageTest - Fetched lowest price.
13:41:13.176 [main] INFO  testCases.TC02_MmtResultPageTest - Clicked on Cabs.
13:41:15.051 [main] INFO  testCases.TC02_MmtResultPageTest - Entered 'From' city.
13:41:16.463 [main] INFO  testCases.TC02_MmtResultPageTest - Entered 'To' City.
13:41:17.592 [main] INFO  testCases.TC02_MmtResultPageTest - Entered date.
13:41:20.088 [main] INFO  testCases.TC02_MmtResultPageTest - Entered Time.
13:41:23.721 [main] INFO  testCases.TC02_MmtResultPageTest - Clicked on Search after filling the details.
13:41:26.702 [main] INFO  testCases.TC02_MmtResultPageTest - Selected SUV.
13:41:29.066 [main] INFO  testCases.TC02_MmtResultPageTest - Fetched lowest price.
13:43:42.740 [main] INFO  testCases.TC02_MmtResultPageTest - Clicked on Cabs.
13:43:44.344 [main] INFO  testCases.TC02_MmtResultPageTest - Entered 'From' city.
13:43:46.275 [main] INFO  testCases.TC02_MmtResultPageTest - Entered 'To' City.
13:43:47.276 [main] INFO  testCases.TC02_MmtResultPageTest - Entered date.
13:43:49.855 [main] INFO  testCases.TC02_MmtResultPageTest - Entered Time.
13:43:53.136 [main] INFO  testCases.TC02_MmtResultPageTest - Clicked on Search after filling the details.
13:43:55.632 [main] INFO  testCases.TC02_MmtResultPageTest - Selected SUV.
13:43:58.059 [main] INFO  testCases.TC02_MmtResultPageTest - Fetched lowest price.
13:45:29.054 [main] INFO  testCases.TC02_MmtResultPageTest - Clicked on Cabs.
13:45:30.889 [main] INFO  testCases.TC02_MmtResultPageTest - Entered 'From' city.
13:45:32.545 [main] INFO  testCases.TC02_MmtResultPageTest - Entered 'To' City.
13:45:33.440 [main] INFO  testCases.TC02_MmtResultPageTest - Entered date.
13:45:35.838 [main] INFO  testCases.TC02_MmtResultPageTest - Entered Time.
13:45:39.478 [main] INFO  testCases.TC02_MmtResultPageTest - Clicked on Search after filling the details.
13:45:43.335 [main] INFO  testCases.TC02_MmtResultPageTest - Selected SUV.
13:45:45.711 [main] INFO  testCases.TC02_MmtResultPageTest - Fetched lowest price.
13:45:48.963 [main] INFO  testCases.TC02_MmtResultPageTest - Clicked on GiftCards.
